  Compiler.cpp
C:\Users\Nobody\Documents\Visual Studio 2022\Projects\SimpleCompiler\SimpleCompiler\Utilities\ArrayBase.h(203,10): warning C4244: 'return': conversion from 'const unsigned __int64' to 'unsigned long', possible loss of data
C:\Users\Nobody\Documents\Visual Studio 2022\Projects\SimpleCompiler\SimpleCompiler\Utilities\ArrayBase.h(202): message : while compiling class template member function 'unsigned long ArrayBase<Type>::GetCount(void) const'
          with
          [
              Type=unsigned char
          ]
C:\Users\Nobody\Documents\Visual Studio 2022\Projects\SimpleCompiler\SimpleCompiler\Utilities\List.h(99): message : see reference to function template instantiation 'unsigned long ArrayBase<Type>::GetCount(void) const' being compiled
          with
          [
              Type=unsigned char
          ]
C:\Users\Nobody\Documents\Visual Studio 2022\Projects\SimpleCompiler\SimpleCompiler\Utilities\List.h(7): message : see reference to class template instantiation 'ArrayBase<Type>' being compiled
          with
          [
              Type=unsigned char
          ]
C:\Users\Nobody\Documents\Visual Studio 2022\Projects\SimpleCompiler\SimpleCompiler\Parser\Types\ParserElement.h(18): message : see reference to class template instantiation 'List<unsigned char>' being compiled
C:\Users\Nobody\Documents\Visual Studio 2022\Projects\SimpleCompiler\SimpleCompiler\Utilities\HashMap.h(828,47): warning C4244: 'argument': conversion from 'unsigned __int64' to 'unsigned long', possible loss of data
C:\Users\Nobody\Documents\Visual Studio 2022\Projects\SimpleCompiler\SimpleCompiler\Utilities\HashMap.h(827): message : while compiling class template member function 'unsigned long HashMap<char,RefObject<Variable>>::GetHashIndex(const Key *,unsigned __int64) const'
          with
          [
              Key=char
          ]
C:\Users\Nobody\Documents\Visual Studio 2022\Projects\SimpleCompiler\SimpleCompiler\Utilities\HashMap.h(675): message : see reference to function template instantiation 'unsigned long HashMap<char,RefObject<Variable>>::GetHashIndex(const Key *,unsigned __int64) const' being compiled
          with
          [
              Key=char
          ]
C:\Users\Nobody\Documents\Visual Studio 2022\Projects\SimpleCompiler\SimpleCompiler\Components\EnviromentMap.h(23): message : see reference to class template instantiation 'HashMap<char,RefObject<Variable>>' being compiled
  VariableTypes.cpp
C:\Users\Nobody\Documents\Visual Studio 2022\Projects\SimpleCompiler\SimpleCompiler\GlobalInfo\VariableTypes.cpp(9,56): warning C4267: 'initializing': conversion from 'size_t' to 'unsigned long', possible loss of data
  Generating Code...
  SimpleCompiler.vcxproj -> C:\Users\Nobody\Documents\Visual Studio 2022\Projects\SimpleCompiler\x64\Debug\SimpleCompiler.exe
